09:42:36.803 [JavaFX Application Thread] DEBUG GameApplication      - Logger initialized
09:42:36.804 [JavaFX Application Thread] DEBUG GameApplication      - Logging settings
Title: FXGL on JavaFX 11
Version: 0.0
Width: 800
Height: 600
Fullscreen: false
Intro: false
Menus: false
Profiling: false
Single step:false
App Mode: DEVELOPER
Menu Key: ESCAPE
Stage Style: DECORATED
Scene Factory: class com.almasb.fxgl.scene.SceneFactory
Dialog Factory: class com.almasb.fxgl.ui.FXGLDialogFactory
UI Factory: class com.almasb.fxgl.ui.FXGLUIFactory
Notification Service: class com.almasb.fxgl.gameplay.notification.XboxNotificationView
Exception Handler: class com.almasb.fxgl.app.FXGLExceptionHandler
09:42:36.804 [JavaFX Application Thread] DEBUG GameApplication      - Starting FXGL
09:42:36.817 [JavaFX Application Thread] INFO  FXGL                 - FXGL-0.5.4 on DESKTOP
09:42:36.818 [JavaFX Application Thread] INFO  FXGL                 - Source code and latest versions at: https://github.com/AlmasB/FXGL
09:42:36.819 [JavaFX Application Thread] INFO  FXGL                 -              Join the FXGL chat at: https://gitter.im/AlmasB/FXGL
09:42:36.819 [JavaFX Application Thread] DEBUG FXGL                 - FXGL started
09:42:36.819 [JavaFX Application Thread] DEBUG FXGL                 - Initializing FXGL
09:42:36.960 [JavaFX Application Thread] DEBUG AssetLoader          - Loading from disk: /assets/ui/cursors/fxgl_default.png
09:42:37.122 [JavaFX Application Thread] DEBUG AssetLoader          - Loading from disk: /assets/ui/fonts/VarelaRound-Regular.ttf
09:42:37.208 [JavaFX Application Thread] DEBUG MainWindow           - Creating a JavaFX scene
09:42:37.282 [JavaFX Application Thread] DEBUG MainWindow           - Target settings size: 800.0 x 600.0
09:42:37.282 [JavaFX Application Thread] DEBUG MainWindow           - Scaled scene size:    800.0 x 600.0
09:42:37.283 [JavaFX Application Thread] DEBUG MainWindow           - Scaled ratio: (1.0, 1.0)
09:42:37.288 [JavaFX Application Thread] DEBUG AssetLoader          - Loading from disk: /assets/ui/css/fxgl_dark.css
09:42:37.295 [JavaFX Application Thread] DEBUG AssetLoader          - Loading from disk: /assets/textures/fxgl_icon.png
09:42:37.326 [JavaFX Application Thread] DEBUG MainWindow           - Opening main window
09:42:37.577 [JavaFX Application Thread] DEBUG MainWindow           - Window border size: (0.0, 30.0)
09:42:37.578 [JavaFX Application Thread] DEBUG MainWindow           - Scaled size: 800.0 x 600.0
09:42:37.578 [JavaFX Application Thread] DEBUG MainWindow           - Scaled ratio: (1.0, 1.0)
09:42:37.578 [JavaFX Application Thread] DEBUG MainWindow           - Scene size: 800.0 x 600.0
09:42:37.578 [JavaFX Application Thread] DEBUG MainWindow           - Stage size: 800.0 x 630.0
09:42:37.641 [ForkJoinPool.commonPool-worker-3] DEBUG FS                   - Loaded DesktopFSService
09:42:37.641 [ForkJoinPool.commonPool-worker-3] DEBUG FXGL                 - Loading FXGL system data
09:42:37.662 [ForkJoinPool.commonPool-worker-3] DEBUG DesktopFSService     - Reading from: system/fxgl.bundle
09:42:37.686 [ForkJoinPool.commonPool-worker-3] DEBUG Bundle               - Logging bundle: FXGL
09:42:37.687 [ForkJoinPool.commonPool-worker-3] DEBUG Bundle               - FXGL.offline.timer.version.check=2019-12-06T09:38:49.130079
09:42:37.700 [ForkJoinPool.commonPool-worker-3] DEBUG FXGL                 - Initializing state machine and application states
09:42:37.703 [ForkJoinPool.commonPool-worker-3] DEBUG AssetLoader          - Loading from disk: /assets/ui/cursors/fxgl_default.png
09:42:37.725 [ForkJoinPool.commonPool-worker-3] DEBUG AssetLoader          - Loading from disk: /assets/ui/cursors/fxgl_default.png
09:42:37.767 [ForkJoinPool.commonPool-worker-3] DEBUG AssetLoader          - Loading from cache: /assets/ui/fonts/VarelaRound-Regular.ttf
09:42:37.784 [ForkJoinPool.commonPool-worker-3] DEBUG AssetLoader          - Loading from disk: /assets/ui/cursors/fxgl_default.png
09:42:37.799 [ForkJoinPool.commonPool-worker-3] DEBUG GameScene            - Game scene initialized: 800x600
09:42:37.812 [ForkJoinPool.commonPool-worker-3] DEBUG GameWorld            - Game world initialized
09:42:37.951 [ForkJoinPool.commonPool-worker-3] DEBUG PhysicsWorld         - Physics world initialized: appHeight=600, physics.ppm=50,0
09:42:37.996 [ForkJoinPool.commonPool-worker-3] DEBUG Input                - Registered new binding: Pause - Esc
09:42:38.084 [JavaFX Application Thread] DEBUG FXGL                 - Running preInit()
09:42:38.087 [JavaFX Application Thread] DEBUG Input                - Registered new binding: Screenshot - P
09:42:38.088 [JavaFX Application Thread] DEBUG Input                - Registered new binding: Dev Options - CTRL+0
09:42:38.089 [JavaFX Application Thread] DEBUG Input                - Registered new binding: System info dump - CTRL+9
09:42:38.089 [JavaFX Application Thread] DEBUG Input                - Registered new binding: Restart - CTRL+R
09:42:38.091 [JavaFX Application Thread] INFO  FXGL                 - FXGL initialization took: 1,271 sec
09:42:38.096 [JavaFX Application Thread] DEBUG LoopRunner           - Starting loop
09:42:38.101 [JavaFX Application Thread] DEBUG StartupState         - STARTUP
09:42:38.101 [JavaFX Application Thread] DEBUG GameApplication      - Starting new game
09:42:38.102 [JavaFX Application Thread] DEBUG Input                - Clearing active input actions
09:42:38.104 [JavaFX Application Thread] DEBUG AssetLoader          - Loading from disk: /assets/ui/css/fxgl_dark.css
09:42:38.131 [JavaFX Application Thread] DEBUG AppStateMachine      - StartupState -> LoadingState
09:42:38.139 [FXGL Background Thread 1 ] DEBUG InitAppTask          - Clearing previous game
09:42:38.139 [FXGL Background Thread 1 ] DEBUG GameWorld            - Clearing game world
09:42:38.139 [FXGL Background Thread 1 ] DEBUG PhysicsWorld         - Clearing physics world
09:42:38.139 [FXGL Background Thread 1 ] DEBUG GameScene            - Clearing game scene
09:42:38.142 [FXGL Background Thread 1 ] DEBUG InitAppTask          - Initializing Game
09:42:38.159 [FXGL Background Thread 1 ] DEBUG InitAppTask          - Initializing Physics
09:42:38.159 [FXGL Background Thread 1 ] DEBUG InitAppTask          - Initializing UI
09:42:38.159 [FXGL Background Thread 1 ] DEBUG InitAppTask          - Initialization Complete
09:42:38.159 [FXGL Background Thread 1 ] INFO  InitAppTask          - Game initialization took: 0,020 sec
09:42:38.197 [JavaFX Application Thread] DEBUG Input                - Clearing active input actions
09:42:38.197 [JavaFX Application Thread] DEBUG AssetLoader          - Loading from disk: /assets/ui/css/fxgl_dark.css
09:42:38.209 [JavaFX Application Thread] DEBUG AppStateMachine      - LoadingState -> PlayState
09:42:43.450 [JavaFX Application Thread] DEBUG Input                - Registered new binding: Resume - Esc
09:42:43.451 [JavaFX Application Thread] DEBUG AssetLoader          - Loading from disk: /assets/textures/pause_menu_bg.png
09:42:43.472 [JavaFX Application Thread] DEBUG AssetLoader          - Loading from disk: /assets/properties/languages/english.properties
09:42:43.473 [JavaFX Application Thread] DEBUG AssetLoader          - Loading from cache: /assets/ui/fonts/VarelaRound-Regular.ttf
09:42:43.476 [JavaFX Application Thread] DEBUG AssetLoader          - Loading from cache: /assets/properties/languages/english.properties
09:42:43.477 [JavaFX Application Thread] DEBUG AssetLoader          - Loading from cache: /assets/ui/fonts/VarelaRound-Regular.ttf
09:42:43.487 [JavaFX Application Thread] DEBUG AppStateMachine      - Push state: PauseMenuSubState
09:42:43.487 [JavaFX Application Thread] DEBUG Input                - Clearing active input actions
09:42:43.487 [JavaFX Application Thread] DEBUG AppStateMachine      - PlayState -> PauseMenuSubState
09:42:43.639 [JavaFX Application Thread] DEBUG AssetLoader          - Loading from cache: /assets/sounds/menu/select.wav
09:42:44.250 [JavaFX Application Thread] DEBUG AssetLoader          - Loading from cache: /assets/sounds/menu/select.wav
09:42:44.522 [JavaFX Application Thread] DEBUG AssetLoader          - Loading from cache: /assets/sounds/menu/select.wav
09:42:44.566 [JavaFX Application Thread] DEBUG AssetLoader          - Loading from cache: /assets/sounds/menu/select.wav
09:42:44.661 [JavaFX Application Thread] DEBUG AssetLoader          - Loading from cache: /assets/sounds/menu/select.wav
09:42:44.822 [JavaFX Application Thread] DEBUG AssetLoader          - Loading from cache: /assets/sounds/menu/select.wav
09:42:44.866 [JavaFX Application Thread] DEBUG AssetLoader          - Loading from cache: /assets/sounds/menu/select.wav
09:42:45.005 [JavaFX Application Thread] DEBUG AssetLoader          - Loading from cache: /assets/sounds/menu/select.wav
09:42:45.056 [JavaFX Application Thread] DEBUG AssetLoader          - Loading from cache: /assets/sounds/menu/select.wav
09:42:45.151 [JavaFX Application Thread] DEBUG AssetLoader          - Loading from cache: /assets/sounds/menu/select.wav
09:42:45.305 [JavaFX Application Thread] DEBUG AssetLoader          - Loading from cache: /assets/sounds/menu/select.wav
09:42:45.838 [JavaFX Application Thread] DEBUG AssetLoader          - Loading from cache: /assets/sounds/menu/select.wav
09:42:47.386 [JavaFX Application Thread] DEBUG AssetLoader          - Loading from cache: /assets/sounds/menu/select.wav
09:42:47.404 [JavaFX Application Thread] DEBUG AssetLoader          - Loading from cache: /assets/sounds/menu/select.wav
09:42:47.451 [JavaFX Application Thread] DEBUG AppStateMachine      - Pop state: PauseMenuSubState
09:42:47.451 [JavaFX Application Thread] DEBUG Input                - Clearing active input actions
09:42:47.452 [JavaFX Application Thread] DEBUG AppStateMachine      - PlayState <- PauseMenuSubState
09:42:49.601 [JavaFX Application Thread] DEBUG AppStateMachine      - Push state: PauseMenuSubState
09:42:49.601 [JavaFX Application Thread] DEBUG Input                - Clearing active input actions
09:42:49.602 [JavaFX Application Thread] DEBUG AppStateMachine      - PlayState -> PauseMenuSubState
09:42:49.640 [JavaFX Application Thread] DEBUG AssetLoader          - Loading from cache: /assets/sounds/menu/select.wav
09:42:49.651 [JavaFX Application Thread] DEBUG AssetLoader          - Loading from cache: /assets/sounds/menu/select.wav
09:42:49.708 [JavaFX Application Thread] DEBUG AssetLoader          - Loading from cache: /assets/sounds/menu/select.wav
09:42:51.152 [JavaFX Application Thread] DEBUG AssetLoader          - Loading from cache: /assets/sounds/menu/select.wav
09:42:51.498 [JavaFX Application Thread] DEBUG AssetLoader          - Loading from cache: /assets/sounds/menu/select.wav
09:42:51.690 [JavaFX Application Thread] DEBUG AssetLoader          - Loading from cache: /assets/sounds/menu/select.wav
09:42:51.881 [JavaFX Application Thread] DEBUG AssetLoader          - Loading from cache: /assets/sounds/menu/select.wav
09:42:52.137 [JavaFX Application Thread] DEBUG AssetLoader          - Loading from cache: /assets/sounds/menu/select.wav
09:42:52.668 [JavaFX Application Thread] DEBUG FXGL                 - Exiting FXGL
09:42:52.668 [JavaFX Application Thread] DEBUG FXGL                 - Shutting down background threads
09:42:52.669 [JavaFX Application Thread] DEBUG FXGL                 - Saving FXGL system data
09:42:52.675 [JavaFX Application Thread] DEBUG DesktopFSService     - Writing to: system/fxgl.bundle
09:42:52.683 [JavaFX Application Thread] DEBUG FXGL                 - Closing logger and exiting JavaFX
