09:38:45.857 [JavaFX Application Thread] DEBUG GameApplication      - Logger initialized
09:38:45.858 [JavaFX Application Thread] DEBUG GameApplication      - Logging settings
Title: FXGL on JavaFX 11
Version: 0.0
Width: 800
Height: 600
Fullscreen: false
Intro: false
Menus: false
Profiling: false
Single step:false
App Mode: DEVELOPER
Menu Key: ESCAPE
Stage Style: DECORATED
Scene Factory: class com.almasb.fxgl.scene.SceneFactory
Dialog Factory: class com.almasb.fxgl.ui.FXGLDialogFactory
UI Factory: class com.almasb.fxgl.ui.FXGLUIFactory
Notification Service: class com.almasb.fxgl.gameplay.notification.XboxNotificationView
Exception Handler: class com.almasb.fxgl.app.FXGLExceptionHandler
09:38:45.858 [JavaFX Application Thread] DEBUG GameApplication      - Starting FXGL
09:38:45.869 [JavaFX Application Thread] INFO  FXGL                 - FXGL-0.5.4 on DESKTOP
09:38:45.870 [JavaFX Application Thread] INFO  FXGL                 - Source code and latest versions at: https://github.com/AlmasB/FXGL
09:38:45.870 [JavaFX Application Thread] INFO  FXGL                 -              Join the FXGL chat at: https://gitter.im/AlmasB/FXGL
09:38:45.871 [JavaFX Application Thread] DEBUG FXGL                 - FXGL started
09:38:45.871 [JavaFX Application Thread] DEBUG FXGL                 - Initializing FXGL
09:38:45.990 [JavaFX Application Thread] DEBUG AssetLoader          - Loading from disk: /assets/ui/cursors/fxgl_default.png
09:38:46.364 [JavaFX Application Thread] DEBUG AssetLoader          - Loading from disk: /assets/ui/fonts/VarelaRound-Regular.ttf
09:38:46.497 [JavaFX Application Thread] DEBUG MainWindow           - Creating a JavaFX scene
09:38:46.628 [JavaFX Application Thread] DEBUG MainWindow           - Target settings size: 800.0 x 600.0
09:38:46.628 [JavaFX Application Thread] DEBUG MainWindow           - Scaled scene size:    800.0 x 600.0
09:38:46.629 [JavaFX Application Thread] DEBUG MainWindow           - Scaled ratio: (1.0, 1.0)
09:38:46.650 [JavaFX Application Thread] DEBUG AssetLoader          - Loading from disk: /assets/ui/css/fxgl_dark.css
09:38:46.658 [JavaFX Application Thread] DEBUG AssetLoader          - Loading from disk: /assets/textures/fxgl_icon.png
09:38:46.707 [JavaFX Application Thread] DEBUG MainWindow           - Opening main window
09:38:47.000 [JavaFX Application Thread] DEBUG MainWindow           - Window border size: (0.0, 30.0)
09:38:47.000 [JavaFX Application Thread] DEBUG MainWindow           - Scaled size: 800.0 x 600.0
09:38:47.000 [JavaFX Application Thread] DEBUG MainWindow           - Scaled ratio: (1.0, 1.0)
09:38:47.000 [JavaFX Application Thread] DEBUG MainWindow           - Scene size: 800.0 x 600.0
09:38:47.000 [JavaFX Application Thread] DEBUG MainWindow           - Stage size: 800.0 x 630.0
09:38:47.269 [ForkJoinPool.commonPool-worker-3] DEBUG FS                   - Loaded DesktopFSService
09:38:47.275 [ForkJoinPool.commonPool-worker-3] DEBUG FXGL                 - Loading default FXGL system data
09:38:47.334 [ForkJoinPool.commonPool-worker-3] DEBUG FXGL                 - Initializing state machine and application states
09:38:47.444 [ForkJoinPool.commonPool-worker-5] DEBUG UpdaterTask          - Checking for updates
09:38:47.444 [ForkJoinPool.commonPool-worker-3] DEBUG AssetLoader          - Loading from disk: /assets/ui/cursors/fxgl_default.png
09:38:47.570 [ForkJoinPool.commonPool-worker-3] DEBUG AssetLoader          - Loading from disk: /assets/ui/cursors/fxgl_default.png
09:38:47.821 [ForkJoinPool.commonPool-worker-3] DEBUG AssetLoader          - Loading from cache: /assets/ui/fonts/VarelaRound-Regular.ttf
09:38:47.863 [ForkJoinPool.commonPool-worker-3] DEBUG AssetLoader          - Loading from disk: /assets/ui/cursors/fxgl_default.png
09:38:47.871 [ForkJoinPool.commonPool-worker-3] DEBUG GameScene            - Game scene initialized: 800x600
09:38:47.910 [ForkJoinPool.commonPool-worker-3] DEBUG GameWorld            - Game world initialized
09:38:48.453 [ForkJoinPool.commonPool-worker-3] DEBUG PhysicsWorld         - Physics world initialized: appHeight=600, physics.ppm=50,0
09:38:48.478 [ForkJoinPool.commonPool-worker-3] DEBUG Input                - Registered new binding: Pause - Esc
09:38:48.624 [JavaFX Application Thread] DEBUG FXGL                 - Running preInit()
09:38:48.632 [JavaFX Application Thread] DEBUG Input                - Registered new binding: Screenshot - P
09:38:48.633 [JavaFX Application Thread] DEBUG Input                - Registered new binding: Dev Options - CTRL+0
09:38:48.634 [JavaFX Application Thread] DEBUG Input                - Registered new binding: System info dump - CTRL+9
09:38:48.635 [JavaFX Application Thread] DEBUG Input                - Registered new binding: Restart - CTRL+R
09:38:48.636 [JavaFX Application Thread] INFO  FXGL                 - FXGL initialization took: 2,765 sec
09:38:48.641 [JavaFX Application Thread] DEBUG LoopRunner           - Starting loop
09:38:48.644 [JavaFX Application Thread] DEBUG StartupState         - STARTUP
09:38:48.644 [JavaFX Application Thread] DEBUG GameApplication      - Starting new game
09:38:48.644 [JavaFX Application Thread] DEBUG Input                - Clearing active input actions
09:38:48.646 [JavaFX Application Thread] DEBUG AssetLoader          - Loading from disk: /assets/ui/css/fxgl_dark.css
09:38:48.679 [JavaFX Application Thread] DEBUG AppStateMachine      - StartupState -> LoadingState
09:38:48.702 [FXGL Background Thread 1 ] DEBUG InitAppTask          - Clearing previous game
09:38:48.702 [FXGL Background Thread 1 ] DEBUG GameWorld            - Clearing game world
09:38:48.703 [FXGL Background Thread 1 ] DEBUG PhysicsWorld         - Clearing physics world
09:38:48.703 [FXGL Background Thread 1 ] DEBUG GameScene            - Clearing game scene
09:38:48.705 [FXGL Background Thread 1 ] DEBUG InitAppTask          - Initializing Game
09:38:48.746 [FXGL Background Thread 1 ] DEBUG InitAppTask          - Initializing Physics
09:38:48.746 [FXGL Background Thread 1 ] DEBUG InitAppTask          - Initializing UI
09:38:48.747 [FXGL Background Thread 1 ] DEBUG InitAppTask          - Initialization Complete
09:38:48.747 [FXGL Background Thread 1 ] INFO  InitAppTask          - Game initialization took: 0,045 sec
09:38:48.826 [JavaFX Application Thread] DEBUG Input                - Clearing active input actions
09:38:48.827 [JavaFX Application Thread] DEBUG AssetLoader          - Loading from disk: /assets/ui/css/fxgl_dark.css
09:38:48.842 [JavaFX Application Thread] DEBUG AppStateMachine      - LoadingState -> PlayState
09:38:49.133 [ForkJoinPool.commonPool-worker-5] INFO  UpdaterTask          - Your current version:  0.5.4
09:38:49.134 [ForkJoinPool.commonPool-worker-5] INFO  UpdaterTask          - Latest stable version: 11.6
09:38:53.534 [JavaFX Application Thread] DEBUG Input                - Registered new binding: Resume - Esc
09:38:53.535 [JavaFX Application Thread] DEBUG AssetLoader          - Loading from disk: /assets/textures/pause_menu_bg.png
09:38:53.636 [JavaFX Application Thread] DEBUG AssetLoader          - Loading from disk: /assets/properties/languages/english.properties
09:38:53.638 [JavaFX Application Thread] DEBUG AssetLoader          - Loading from cache: /assets/ui/fonts/VarelaRound-Regular.ttf
09:38:53.641 [JavaFX Application Thread] DEBUG AssetLoader          - Loading from cache: /assets/properties/languages/english.properties
09:38:53.642 [JavaFX Application Thread] DEBUG AssetLoader          - Loading from cache: /assets/ui/fonts/VarelaRound-Regular.ttf
09:38:53.654 [JavaFX Application Thread] DEBUG AppStateMachine      - Push state: PauseMenuSubState
09:38:53.654 [JavaFX Application Thread] DEBUG Input                - Clearing active input actions
09:38:53.654 [JavaFX Application Thread] DEBUG AppStateMachine      - PlayState -> PauseMenuSubState
09:38:54.069 [JavaFX Application Thread] DEBUG AssetLoader          - Loading from cache: /assets/sounds/menu/select.wav
09:38:55.584 [JavaFX Application Thread] DEBUG AssetLoader          - Loading from cache: /assets/sounds/menu/select.wav
09:38:56.364 [JavaFX Application Thread] DEBUG AssetLoader          - Loading from cache: /assets/sounds/menu/select.wav
09:38:56.377 [JavaFX Application Thread] DEBUG AssetLoader          - Loading from cache: /assets/sounds/menu/select.wav
09:38:56.422 [JavaFX Application Thread] DEBUG AppStateMachine      - Pop state: PauseMenuSubState
09:38:56.422 [JavaFX Application Thread] DEBUG Input                - Clearing active input actions
09:38:56.423 [JavaFX Application Thread] DEBUG AppStateMachine      - PlayState <- PauseMenuSubState
09:38:59.257 [JavaFX Application Thread] DEBUG FXGL                 - Exiting FXGL
09:38:59.261 [JavaFX Application Thread] DEBUG FXGL                 - Shutting down background threads
09:38:59.262 [JavaFX Application Thread] DEBUG FXGL                 - Saving FXGL system data
09:38:59.267 [JavaFX Application Thread] DEBUG DesktopFSService     - Writing to: system/fxgl.bundle
09:38:59.282 [JavaFX Application Thread] DEBUG FXGL                 - Closing logger and exiting JavaFX
